Base path: D:/programs/Unity47/Editor/Data
Pipe name: \\.\pipe\UnityShaderCompiler-1-7852
Cmd: getPlatforms
Cmd: preprocess
  insize=9570 outsize=2432 ok=1
Cmd: compileSnippet
  api=1 type=0 insize=6521 outsize=132 kw= ok=1
Cmd: compileSnippet
  api=1 type=1 insize=6521 outsize=457 kw= ok=1
Cmd: compileSnippet
  api=1 type=0 insize=6517 outsize=132 kw= ok=1
Cmd: compileSnippet
  api=1 type=1 insize=6517 outsize=647 kw= ok=1
Cmd: compileSnippet
  api=1 type=0 insize=6517 outsize=132 kw= ok=1
Cmd: compileSnippet
  api=1 type=1 insize=6517 outsize=515 kw= ok=1
Cmd: compileSnippet
  api=1 type=0 insize=6517 outsize=132 kw= ok=1
Cmd: compileSnippet
  api=1 type=1 insize=6517 outsize=515 kw= ok=1
Cmd: compileSnippet
  api=1 type=0 insize=6520 outsize=132 kw= ok=1
Cmd: compileSnippet
  api=1 type=1 insize=6520 outsize=739 kw= ok=1
Cmd: compileSnippet
  api=1 type=0 insize=6520 outsize=132 kw= ok=1
Cmd: compileSnippet
  api=1 type=1 insize=6520 outsize=456 kw= ok=1
Cmd: compileSnippet
  api=1 type=0 insize=6529 outsize=132 kw= ok=1
Cmd: compileSnippet
  api=1 type=1 insize=6529 outsize=269 kw= ok=1
Cmd: compileSnippet
  api=1 type=0 insize=6534 outsize=132 kw= ok=1
Cmd: compileSnippet
  api=1 type=1 insize=6534 outsize=381 kw= ok=1
Cmd: compileSnippet
  api=1 type=0 insize=6527 outsize=132 kw= ok=1
Cmd: compileSnippet
  api=1 type=1 insize=6527 outsize=180 kw= ok=1
Cmd: compileSnippet
  api=1 type=0 insize=6525 outsize=132 kw= ok=1
Cmd: compileSnippet
  api=1 type=1 insize=6525 outsize=445 kw= ok=1
Cmd: compileSnippet
  api=1 type=0 insize=6532 outsize=132 kw= ok=1
Cmd: compileSnippet
  api=1 type=1 insize=6532 outsize=478 kw= ok=1
Cmd: preprocess
  insize=16036 outsize=1380 ok=1
Cmd: compileSnippet
  api=1 type=0 insize=14568 outsize=6492 kw= ok=1
Cmd: compileSnippet
  api=1 type=1 insize=14568 outsize=3198 kw= ok=1
Cmd: preprocess
  insize=11629 outsize=759 ok=1
Cmd: compileSnippet
  api=1 type=0 insize=10590 outsize=132 kw= ok=1
Cmd: compileSnippet
  api=1 type=1 insize=10590 outsize=460 kw= ok=1
Cmd: compileSnippet
  api=1 type=0 insize=10613 outsize=156 kw= ok=1
Cmd: compileSnippet
  api=1 type=1 insize=10613 outsize=3842 kw= ok=1
Cmd: compileSnippet
  api=1 type=0 insize=10612 outsize=156 kw= ok=1
Cmd: compileSnippet
  api=1 type=1 insize=10612 outsize=3819 kw= ok=1
Cmd: preprocess
  insize=3621 outsize=4356 ok=1
Cmd: compileSnippet
  api=1 type=0 insize=4217 outsize=595 kw=DIRECTIONAL SHADOWS_OFF LIGHTMAP_OFF DIRLIGHTMAP_OFF ok=1
Cmd: compileSnippet
  api=1 type=1 insize=4217 outsize=270 kw=DIRECTIONAL SHADOWS_OFF LIGHTMAP_OFF DIRLIGHTMAP_OFF ok=1
Cmd: compileSnippet
  api=1 type=0 insize=2256 outsize=383 kw=POINT ok=1
Cmd: compileSnippet
  api=1 type=1 insize=2256 outsize=399 kw=POINT ok=1
Cmd: compileSnippet
  api=1 type=0 insize=1784 outsize=190 kw= ok=1
Cmd: compileSnippet
  api=1 type=1 insize=1784 outsize=118 kw= ok=1
Cmd: compileSnippet
  api=1 type=0 insize=3969 outsize=639 kw=LIGHTMAP_OFF DIRLIGHTMAP_OFF HDR_LIGHT_PREPASS_OFF ok=1
Cmd: compileSnippet
  api=1 type=1 insize=3969 outsize=220 kw=LIGHTMAP_OFF DIRLIGHTMAP_OFF HDR_LIGHT_PREPASS_OFF ok=1
Cmd: preprocess
  insize=1286 outsize=484 ok=1
Cmd: compileSnippet
  api=1 type=0 insize=997 outsize=132 kw= ok=1
Cmd: compileSnippet
  api=1 type=1 insize=997 outsize=136 kw= ok=1
Cmd: compileSnippet
  api=1 type=0 insize=996 outsize=132 kw= ok=1
Cmd: compileSnippet
  api=1 type=1 insize=996 outsize=134 kw= ok=1
Cmd: preprocess
  insize=8933 outsize=811 ok=1
Cmd: compileSnippet
  api=1 type=0 insize=8117 outsize=479 kw= ok=1
Cmd: compileSnippet
  api=1 type=1 insize=8117 outsize=1035 kw= ok=1
Cmd: compileSnippet
  api=1 type=0 insize=8122 outsize=547 kw= ok=1
Cmd: compileSnippet
  api=1 type=1 insize=8122 outsize=1137 kw= ok=1
Cmd: compileSnippet
  api=1 type=0 insize=8142 outsize=318 kw= ok=1
Cmd: compileSnippet
  api=1 type=1 insize=8142 outsize=1218 kw= ok=1
Cmd: compileSnippet
  api=1 type=0 insize=8137 outsize=318 kw= ok=1
Cmd: compileSnippet
  api=1 type=1 insize=8137 outsize=1333 kw= ok=1
Cmd: preprocess
  insize=1759 outsize=370 ok=1
Cmd: compileSnippet
  api=1 type=0 insize=1635 outsize=269 kw= ok=1
Cmd: compileSnippet
  api=1 type=1 insize=1635 outsize=644 kw= ok=1
Cmd: preprocess
  insize=974 outsize=375 ok=1
Cmd: compileSnippet
  api=1 type=0 insize=869 outsize=132 kw= ok=1
Cmd: compileSnippet
  api=1 type=1 insize=869 outsize=392 kw= ok=1
Cmd: preprocess
  insize=1064 outsize=335 ok=1
Cmd: compileSnippet
  api=1 type=0 insize=995 outsize=132 kw= ok=1
Cmd: compileSnippet
  api=1 type=1 insize=995 outsize=217 kw= ok=1
Cmd: preprocess
  insize=2058 outsize=509 ok=1
Cmd: compileSnippet
  api=1 type=0 insize=1805 outsize=211 kw= ok=1
Cmd: compileSnippet
  api=1 type=1 insize=1805 outsize=576 kw= ok=1
Cmd: preprocess
  insize=1359 outsize=432 ok=1
Cmd: compileSnippet
  api=1 type=0 insize=1184 outsize=335 kw= ok=1
Cmd: compileSnippet
  api=1 type=1 insize=1184 outsize=361 kw= ok=1
Cmd: preprocess
  error: 1 plat 15 at (38): Compiling shaders to OpenGL ES 2.0, Xbox 360, PS3, Flash or DX11 requires both vertex and fragment programs
  insize=3502 outsize=2564 ok=1
Cmd: compileSnippet
  api=1 type=1 insize=1187 outsize=288 kw= ok=1
Cmd: preprocess
  insize=11657 outsize=4590 ok=1
Cmd: compileSnippet
  api=1 type=0 insize=7195 outsize=871 kw= ok=1
Cmd: compileSnippet
  api=1 type=1 insize=7195 outsize=1148 kw= ok=1
Cmd: preprocess
  insize=3722 outsize=746 ok=1
Cmd: compileSnippet
  api=1 type=0 insize=3086 outsize=132 kw= ok=1
Cmd: compileSnippet
  api=1 type=1 insize=3086 outsize=381 kw= ok=1
Cmd: compileSnippet
  api=1 type=0 insize=3085 outsize=132 kw= ok=1
Cmd: compileSnippet
  api=1 type=1 insize=3085 outsize=332 kw= ok=1
Cmd: compileSnippet
  api=1 type=0 insize=3130 outsize=132 kw= ok=1
Cmd: compileSnippet
  api=1 type=1 insize=3130 outsize=1538 kw= ok=1
Cmd: preprocess
  insize=3887 outsize=3887 ok=1
Cmd: preprocess
  insize=1563 outsize=1000 ok=1
Cmd: compileSnippet
  api=1 type=0 insize=570 outsize=100 kw= ok=1
Cmd: compileSnippet
  api=1 type=1 insize=570 outsize=109 kw= ok=1
Cmd: compileSnippet
  api=1 type=0 insize=567 outsize=100 kw= ok=1
Cmd: compileSnippet
  api=1 type=1 insize=567 outsize=109 kw= ok=1
Cmd: preprocess
  insize=4111 outsize=4111 ok=1
Cmd: preprocess
  insize=1243 outsize=312 ok=1
Cmd: compileSnippet
  api=1 type=0 insize=1189 outsize=299 kw= ok=1
Cmd: compileSnippet
  api=1 type=1 insize=1189 outsize=286 kw= ok=1
Cmd: preprocess
  insize=1296 outsize=429 ok=1
Cmd: compileSnippet
  api=1 type=0 insize=1131 outsize=132 kw= ok=1
Cmd: compileSnippet
  api=1 type=1 insize=1131 outsize=664 kw= ok=1
Cmd: preprocess
  insize=6831 outsize=843 ok=1
Cmd: compileSnippet
  api=1 type=0 insize=1797 outsize=204 kw= ok=1
Cmd: compileSnippet
  api=1 type=1 insize=1797 outsize=4188 kw= ok=1
Cmd: compileSnippet
  api=1 type=0 insize=2061 outsize=204 kw= ok=1
Cmd: compileSnippet
  api=1 type=1 insize=2061 outsize=6952 kw= ok=1
Cmd: compileSnippet
  api=1 type=0 insize=2567 outsize=204 kw= ok=1
Cmd: compileSnippet
  api=1 type=1 insize=2567 outsize=12477 kw= ok=1
Cmd: compileSnippet
  api=1 type=0 insize=2840 outsize=169 kw= ok=1
Cmd: compileSnippet
  api=1 type=1 insize=2840 outsize=1336 kw= ok=1
Cmd: compileSnippet
  api=1 type=0 insize=1780 outsize=249 kw= ok=1
Cmd: compileSnippet
  api=1 type=1 insize=1780 outsize=160 kw= ok=1
Cmd: preprocess
  insize=774 outsize=774 ok=1
Cmd: preprocess
  insize=1235 outsize=333 ok=1
Cmd: compileSnippet
  api=1 type=0 insize=1164 outsize=351 kw= ok=1
Cmd: compileSnippet
  api=1 type=1 insize=1164 outsize=254 kw= ok=1
Cmd: preprocess
  insize=2754 outsize=812 ok=1
Cmd: compileSnippet
  api=1 type=0 insize=1965 outsize=335 kw= ok=1
Cmd: compileSnippet
  api=1 type=1 insize=1965 outsize=206 kw= ok=1
Cmd: compileSnippet
  api=1 type=0 insize=1963 outsize=335 kw= ok=1
Cmd: compileSnippet
  api=1 type=1 insize=1963 outsize=117 kw= ok=1
Cmd: compileSnippet
  api=1 type=0 insize=1976 outsize=329 kw= ok=1
Cmd: compileSnippet
  api=1 type=1 insize=1976 outsize=242 kw= ok=1
Cmd: compileSnippet
  api=1 type=0 insize=1974 outsize=335 kw= ok=1
Cmd: compileSnippet
  api=1 type=1 insize=1974 outsize=101 kw= ok=1
Cmd: preprocess
  insize=1027 outsize=323 ok=1
Cmd: compileSnippet
  api=1 type=0 insize=968 outsize=132 kw= ok=1
Cmd: compileSnippet
  api=1 type=1 insize=968 outsize=249 kw= ok=1
Cmd: preprocess
  insize=1257 outsize=269 ok=1
Cmd: compileSnippet
  api=1 type=0 insize=1248 outsize=195 kw= ok=1
Cmd: compileSnippet
  api=1 type=1 insize=1248 outsize=258 kw= ok=1
Cmd: preprocess
  insize=1443 outsize=406 ok=1
Cmd: compileSnippet
  api=1 type=0 insize=1295 outsize=297 kw= ok=1
Cmd: compileSnippet
  api=1 type=1 insize=1295 outsize=265 kw= ok=1
Cmd: preprocess
  insize=1502 outsize=370 ok=1
Cmd: compileSnippet
  api=1 type=0 insize=1379 outsize=388 kw= ok=1
Cmd: compileSnippet
  api=1 type=1 insize=1379 outsize=225 kw= ok=1
Cmd: preprocess
  insize=1761 outsize=749 ok=1
Cmd: compileSnippet
  api=1 type=0 insize=1287 outsize=381 kw= ok=1
Cmd: compileSnippet
  api=1 type=1 insize=1287 outsize=242 kw= ok=1
Cmd: preprocess
  insize=10953 outsize=4796 ok=1
Cmd: compileSnippet
  api=1 type=0 insize=6272 outsize=181 kw= ok=1
Cmd: compileSnippet
  api=1 type=1 insize=6272 outsize=5397 kw= ok=1
Cmd: preprocess
  insize=1465 outsize=363 ok=1
Cmd: compileSnippet
  api=1 type=0 insize=1359 outsize=269 kw= ok=1
Cmd: compileSnippet
  api=1 type=1 insize=1359 outsize=297 kw= ok=1
Cmd: preprocess
  insize=1338 outsize=347 ok=1
Cmd: compileSnippet
  api=1 type=0 insize=1244 outsize=335 kw= ok=1
Cmd: compileSnippet
  api=1 type=1 insize=1244 outsize=374 kw= ok=1
Cmd: preprocess
  insize=2401 outsize=673 ok=1
Cmd: compileSnippet
  api=1 type=0 insize=1968 outsize=366 kw= ok=1
Cmd: compileSnippet
  api=1 type=1 insize=1968 outsize=1067 kw= ok=1
Cmd: preprocess
  insize=1019 outsize=289 ok=1
Cmd: compileSnippet
  api=1 type=0 insize=994 outsize=137 kw= ok=1
Cmd: compileSnippet
  api=1 type=1 insize=994 outsize=352 kw= ok=1
Cmd: preprocess
  insize=829 outsize=338 ok=1
Cmd: compileSnippet
  api=1 type=0 insize=772 outsize=211 kw= ok=1
Cmd: compileSnippet
  api=1 type=1 insize=772 outsize=281 kw= ok=1
Cmd: preprocess
  insize=13786 outsize=1160 ok=1
Cmd: compileSnippet
  api=1 type=0 insize=12574 outsize=5188 kw= ok=1
Cmd: compileSnippet
  api=1 type=1 insize=12574 outsize=1466 kw= ok=1
Cmd: preprocess
  insize=33465 outsize=288 ok=1
Cmd: compileSnippet
  api=1 type=0 insize=32665 outsize=156 kw= ok=1
Cmd: compileSnippet
  api=1 type=1 insize=32665 outsize=4416 kw= ok=1
Cmd: preprocess
  insize=1282 outsize=279 ok=1
Cmd: compileSnippet
  api=1 type=0 insize=1258 outsize=179 kw= ok=1
Cmd: compileSnippet
  api=1 type=1 insize=1258 outsize=652 kw= ok=1
Cmd: preprocess
  insize=3754 outsize=743 ok=1
Cmd: compileSnippet
  api=1 type=0 insize=2929 outsize=437 kw= ok=1
Cmd: compileSnippet
  api=1 type=1 insize=2929 outsize=570 kw= ok=1
Cmd: compileSnippet
  api=1 type=0 insize=2920 outsize=437 kw= ok=1
Cmd: compileSnippet
  api=1 type=1 insize=2920 outsize=336 kw= ok=1
Cmd: compileSnippet
  api=1 type=0 insize=2919 outsize=437 kw= ok=1
Cmd: compileSnippet
  api=1 type=1 insize=2919 outsize=391 kw= ok=1
Cmd: compileSnippet
  api=1 type=0 insize=2931 outsize=437 kw= ok=1
Cmd: compileSnippet
  api=1 type=1 insize=2931 outsize=553 kw= ok=1
Cmd: preprocess
  insize=1059 outsize=268 ok=1
Cmd: compileSnippet
  api=1 type=0 insize=1053 outsize=271 kw= ok=1
Cmd: compileSnippet
  api=1 type=1 insize=1053 outsize=248 kw= ok=1
Cmd: preprocess
  insize=4829 outsize=4584 ok=1
Cmd: compileSnippet
  api=1 type=0 insize=5171 outsize=1071 kw=DIRECTIONAL SHADOWS_OFF LIGHTMAP_OFF DIRLIGHTMAP_OFF ok=1
Cmd: compileSnippet
  api=1 type=1 insize=5171 outsize=273 kw=DIRECTIONAL SHADOWS_OFF LIGHTMAP_OFF DIRLIGHTMAP_OFF ok=1
Cmd: compileSnippet
  api=1 type=0 insize=3207 outsize=880 kw=POINT ok=1
Cmd: compileSnippet
  api=1 type=1 insize=3207 outsize=373 kw=POINT ok=1
Cmd: compileSnippet
  api=1 type=0 insize=2870 outsize=735 kw= ok=1
Cmd: compileSnippet
  api=1 type=1 insize=2870 outsize=118 kw= ok=1
Cmd: compileSnippet
  api=1 type=0 insize=4920 outsize=1114 kw=LIGHTMAP_OFF DIRLIGHTMAP_OFF HDR_LIGHT_PREPASS_OFF ok=1
Cmd: compileSnippet
  api=1 type=1 insize=4920 outsize=224 kw=LIGHTMAP_OFF DIRLIGHTMAP_OFF HDR_LIGHT_PREPASS_OFF ok=1
Cmd: preprocess
  insize=5588 outsize=1882 ok=1
Cmd: compileSnippet
  api=1 type=0 insize=3203 outsize=335 kw= ok=1
Cmd: compileSnippet
  api=1 type=1 insize=3203 outsize=208 kw= ok=1
Cmd: compileSnippet
  api=1 type=0 insize=3201 outsize=335 kw= ok=1
Cmd: compileSnippet
  api=1 type=1 insize=3201 outsize=120 kw= ok=1
Cmd: compileSnippet
  api=1 type=0 insize=3217 outsize=344 kw= ok=1
Cmd: compileSnippet
  api=1 type=1 insize=3217 outsize=239 kw= ok=1
Cmd: compileSnippet
  api=1 type=0 insize=3209 outsize=335 kw= ok=1
Cmd: compileSnippet
  api=1 type=1 insize=3209 outsize=101 kw= ok=1
Cmd: compileSnippet
  api=1 type=0 insize=3209 outsize=335 kw= ok=1
Cmd: compileSnippet
  api=1 type=1 insize=3209 outsize=208 kw= ok=1
Cmd: compileSnippet
  api=1 type=0 insize=3206 outsize=335 kw= ok=1
Cmd: compileSnippet
  api=1 type=1 insize=3206 outsize=120 kw= ok=1
Cmd: compileSnippet
  api=1 type=0 insize=3218 outsize=344 kw= ok=1
Cmd: compileSnippet
  api=1 type=1 insize=3218 outsize=242 kw= ok=1
Cmd: compileSnippet
  api=1 type=0 insize=3211 outsize=335 kw= ok=1
Cmd: compileSnippet
  api=1 type=1 insize=3211 outsize=125 kw= ok=1
Cmd: compileSnippet
  api=1 type=0 insize=3204 outsize=335 kw= ok=1
Cmd: compileSnippet
  api=1 type=1 insize=3204 outsize=66 kw= ok=1
Cmd: compileSnippet
  api=1 type=0 insize=3208 outsize=335 kw= ok=1
Cmd: compileSnippet
  api=1 type=1 insize=3208 outsize=79 kw= ok=1
Cmd: compileSnippet
  api=1 type=0 insize=3203 outsize=335 kw= ok=1
Cmd: compileSnippet
  api=1 type=1 insize=3203 outsize=59 kw= ok=1
Cmd: preprocess
  insize=6786 outsize=3879 ok=1
Cmd: compileSnippet
  api=1 type=0 insize=3084 outsize=208 kw=SOFTPARTICLES_OFF ok=1
Cmd: compileSnippet
  api=1 type=1 insize=3084 outsize=2576 kw=SOFTPARTICLES_OFF ok=1
Cmd: preprocess
  insize=4508 outsize=3446 ok=1
Cmd: preprocess
  insize=11872 outsize=2007 ok=1
Cmd: compileSnippet
  api=1 type=0 insize=8894 outsize=156 kw= ok=1
Cmd: compileSnippet
  api=1 type=1 insize=8894 outsize=689 kw= ok=1
Cmd: compileSnippet
  api=1 type=0 insize=8886 outsize=156 kw= ok=1
Cmd: compileSnippet
  api=1 type=1 insize=8886 outsize=142 kw= ok=1
Cmd: compileSnippet
  api=1 type=0 insize=8894 outsize=156 kw= ok=1
Cmd: compileSnippet
  api=1 type=1 insize=8894 outsize=883 kw= ok=1
Cmd: compileSnippet
  api=1 type=0 insize=8900 outsize=156 kw= ok=1
Cmd: compileSnippet
  api=1 type=1 insize=8900 outsize=1769 kw= ok=1
Cmd: compileSnippet
  api=1 type=0 insize=8910 outsize=156 kw= ok=1
Cmd: compileSnippet
  api=1 type=1 insize=8910 outsize=2034 kw= ok=1
Cmd: compileSnippet
  api=1 type=0 insize=8898 outsize=156 kw= ok=1
Cmd: compileSnippet
  api=1 type=1 insize=8898 outsize=1050 kw= ok=1
Cmd: compileSnippet
  api=1 type=0 insize=8904 outsize=156 kw= ok=1
Cmd: compileSnippet
  api=1 type=1 insize=8904 outsize=2014 kw= ok=1
Cmd: preprocess
  insize=1097 outsize=378 ok=1
Cmd: compileSnippet
  api=1 type=0 insize=985 outsize=132 kw= ok=1
Cmd: compileSnippet
  api=1 type=1 insize=985 outsize=301 kw= ok=1
Cmd: preprocess
  insize=4932 outsize=4093 ok=1
Cmd: compileSnippet
  api=1 type=0 insize=1101 outsize=171 kw=SOFTPARTICLES_OFF ok=1
Cmd: compileSnippet
  api=1 type=1 insize=1101 outsize=59 kw=SOFTPARTICLES_OFF ok=1
Cmd: preprocess
  insize=6532 outsize=797 ok=1
Cmd: preprocess
  insize=2965 outsize=825 ok=1
Cmd: compileSnippet
  api=1 type=0 insize=2099 outsize=335 kw= ok=1
Cmd: compileSnippet
  api=1 type=1 insize=2099 outsize=117 kw= ok=1
Cmd: compileSnippet
  api=1 type=0 insize=2100 outsize=335 kw= ok=1
Cmd: compileSnippet
  api=1 type=1 insize=2100 outsize=202 kw= ok=1
Cmd: compileSnippet
  api=1 type=0 insize=2103 outsize=335 kw= ok=1
Cmd: compileSnippet
  api=1 type=1 insize=2103 outsize=128 kw= ok=1
Cmd: compileSnippet
  api=1 type=0 insize=2102 outsize=335 kw= ok=1
Cmd: compileSnippet
  api=1 type=1 insize=2102 outsize=489 kw= ok=1
Cmd: compileSnippet
  api=1 type=0 insize=2105 outsize=335 kw= ok=1
Cmd: compileSnippet
  api=1 type=1 insize=2105 outsize=133 kw= ok=1
Cmd: preprocess
  insize=8546 outsize=1167 ok=1
Cmd: compileSnippet
  api=1 type=0 insize=6257 outsize=335 kw= ok=1
Cmd: compileSnippet
  api=1 type=1 insize=6257 outsize=548 kw= ok=1
Cmd: compileSnippet
  api=1 type=0 insize=6261 outsize=335 kw= ok=1
Cmd: compileSnippet
  api=1 type=1 insize=6261 outsize=238 kw= ok=1
Cmd: compileSnippet
  api=1 type=0 insize=6270 outsize=379 kw= ok=1
Cmd: compileSnippet
  api=1 type=1 insize=6270 outsize=1009 kw= ok=1
Cmd: compileSnippet
  api=1 type=0 insize=6264 outsize=379 kw= ok=1
Cmd: compileSnippet
  api=1 type=1 insize=6264 outsize=641 kw= ok=1
Cmd: compileSnippet
  api=1 type=0 insize=6262 outsize=335 kw= ok=1
Cmd: compileSnippet
  api=1 type=1 insize=6262 outsize=340 kw= ok=1
Cmd: compileSnippet
  api=1 type=0 insize=6266 outsize=335 kw= ok=1
Cmd: compileSnippet
  api=1 type=1 insize=6266 outsize=590 kw= ok=1
Cmd: compileSnippet
  api=1 type=0 insize=6270 outsize=379 kw= ok=1
Cmd: compileSnippet
  api=1 type=1 insize=6270 outsize=816 kw= ok=1
Cmd: compileSnippet
  api=1 type=0 insize=6256 outsize=335 kw= ok=1
Cmd: compileSnippet
  api=1 type=1 insize=6256 outsize=104 kw= ok=1
Cmd: preprocess
  insize=1034 outsize=465 ok=1
Cmd: compileSnippet
  api=1 type=0 insize=841 outsize=211 kw= ok=1
Cmd: compileSnippet
  api=1 type=1 insize=841 outsize=119 kw= ok=1
Cmd: preprocess
  insize=14335 outsize=2775 ok=1
Cmd: compileSnippet
  api=1 type=0 insize=10227 outsize=132 kw= ok=1
Cmd: compileSnippet
  api=1 type=1 insize=10227 outsize=233 kw= ok=1
Cmd: compileSnippet
  api=1 type=0 insize=10227 outsize=132 kw= ok=1
Cmd: compileSnippet
  api=1 type=1 insize=10227 outsize=468 kw= ok=1
Cmd: compileSnippet
  api=1 type=0 insize=10227 outsize=132 kw= ok=1
Cmd: compileSnippet
  api=1 type=1 insize=10227 outsize=484 kw= ok=1
Cmd: compileSnippet
  api=1 type=0 insize=10210 outsize=132 kw= ok=1
Cmd: compileSnippet
  api=1 type=1 insize=10210 outsize=234 kw= ok=1
Cmd: compileSnippet
  api=1 type=0 insize=10229 outsize=132 kw= ok=1
Cmd: compileSnippet
  api=1 type=1 insize=10229 outsize=315 kw= ok=1
Cmd: compileSnippet
  api=1 type=0 insize=10210 outsize=132 kw= ok=1
Cmd: compileSnippet
  api=1 type=1 insize=10210 outsize=326 kw= ok=1
Cmd: compileSnippet
  api=1 type=0 insize=10255 outsize=227 kw= ok=1
Cmd: compileSnippet
  api=1 type=1 insize=10255 outsize=463 kw= ok=1
Cmd: compileSnippet
  api=1 type=0 insize=10209 outsize=132 kw= ok=1
Cmd: compileSnippet
  api=1 type=1 insize=10209 outsize=66 kw= ok=1
Cmd: compileSnippet
  api=1 type=0 insize=10213 outsize=132 kw= ok=1
Cmd: compileSnippet
  api=1 type=1 insize=10213 outsize=59 kw= ok=1
Cmd: compileSnippet
  api=1 type=0 insize=10235 outsize=776 kw= ok=1
Cmd: compileSnippet
  api=1 type=1 insize=10235 outsize=1029 kw= ok=1
Cmd: compileSnippet
  api=1 type=0 insize=10229 outsize=776 kw= ok=1
Cmd: compileSnippet
  api=1 type=1 insize=10229 outsize=1094 kw= ok=1
Cmd: compileSnippet
  api=1 type=0 insize=10235 outsize=776 kw= ok=1
Cmd: compileSnippet
  api=1 type=1 insize=10235 outsize=1029 kw= ok=1
Cmd: preprocess
  insize=4039 outsize=3393 ok=1
Cmd: preprocess
  insize=2048 outsize=516 ok=1
Cmd: compileSnippet
  api=1 type=0 insize=1736 outsize=132 kw= ok=1
Cmd: compileSnippet
  api=1 type=1 insize=1736 outsize=475 kw= ok=1
Cmd: compileSnippet
  api=1 type=0 insize=1749 outsize=132 kw= ok=1
Cmd: compileSnippet
  api=1 type=1 insize=1749 outsize=523 kw= ok=1
Cmd: preprocess
  insize=524 outsize=524 ok=1
Cmd: preprocess
  insize=3729 outsize=3729 ok=1
Cmd: preprocess
  insize=1764 outsize=320 ok=1
Cmd: compileSnippet
  api=1 type=0 insize=1695 outsize=452 kw= ok=1
Cmd: compileSnippet
  api=1 type=1 insize=1695 outsize=765 kw= ok=1
Cmd: preprocess
  insize=28296 outsize=4971 ok=1
Cmd: compileSnippet
  api=1 type=0 insize=19247 outsize=318 kw= ok=1
Cmd: compileSnippet
  api=1 type=1 insize=19247 outsize=325 kw= ok=1
Cmd: compileSnippet
  api=1 type=0 insize=19254 outsize=595 kw= ok=1
Cmd: compileSnippet
  api=1 type=1 insize=19254 outsize=1097 kw= ok=1
Cmd: compileSnippet
  api=1 type=0 insize=19258 outsize=595 kw= ok=1
Cmd: compileSnippet
  api=1 type=1 insize=19258 outsize=2401 kw= ok=1
Cmd: compileSnippet
  api=1 type=0 insize=19237 outsize=318 kw= ok=1
Cmd: compileSnippet
  api=1 type=1 insize=19237 outsize=66 kw= ok=1
Cmd: compileSnippet
  api=1 type=0 insize=19253 outsize=318 kw= ok=1
Cmd: compileSnippet
  api=1 type=1 insize=19253 outsize=308 kw= ok=1
Cmd: compileSnippet
  api=1 type=0 insize=19240 outsize=318 kw= ok=1
Cmd: compileSnippet
  api=1 type=1 insize=19240 outsize=750 kw= ok=1
Cmd: compileSnippet
  api=1 type=0 insize=19251 outsize=318 kw= ok=1
Cmd: compileSnippet
  api=1 type=1 insize=19251 outsize=700 kw= ok=1
Cmd: compileSnippet
  api=1 type=0 insize=19247 outsize=318 kw= ok=1
Cmd: compileSnippet
  api=1 type=1 insize=19247 outsize=151 kw= ok=1
Cmd: compileSnippet
  api=1 type=0 insize=19257 outsize=318 kw= ok=1
Cmd: compileSnippet
  api=1 type=1 insize=19257 outsize=323 kw= ok=1
Cmd: compileSnippet
  api=1 type=0 insize=19250 outsize=318 kw= ok=1
Cmd: compileSnippet
  api=1 type=1 insize=19250 outsize=242 kw= ok=1
Cmd: compileSnippet
  api=1 type=0 insize=19257 outsize=318 kw= ok=1
Cmd: compileSnippet
  api=1 type=1 insize=19257 outsize=438 kw= ok=1
Cmd: compileSnippet
  api=1 type=0 insize=19245 outsize=318 kw= ok=1
Cmd: compileSnippet
  api=1 type=1 insize=19245 outsize=9343 kw= ok=1
Cmd: compileSnippet
  api=1 type=0 insize=19254 outsize=318 kw= ok=1
Cmd: compileSnippet
  api=1 type=1 insize=19254 outsize=3693 kw= ok=1
Cmd: compileSnippet
  api=1 type=0 insize=19241 outsize=318 kw= ok=1
Cmd: compileSnippet
  api=1 type=1 insize=19241 outsize=353 kw= ok=1
Cmd: compileSnippet
  api=1 type=0 insize=19256 outsize=318 kw= ok=1
Cmd: compileSnippet
  api=1 type=1 insize=19256 outsize=222 kw= ok=1
Cmd: compileSnippet
  api=1 type=0 insize=19246 outsize=318 kw= ok=1
Cmd: compileSnippet
  api=1 type=1 insize=19246 outsize=385 kw= ok=1
Cmd: compileSnippet
  api=1 type=0 insize=19239 outsize=318 kw= ok=1
Cmd: compileSnippet
  api=1 type=1 insize=19239 outsize=110 kw= ok=1
Cmd: compileSnippet
  api=1 type=0 insize=19247 outsize=318 kw= ok=1
Cmd: compileSnippet
  api=1 type=1 insize=19247 outsize=14835 kw= ok=1
Cmd: compileSnippet
  api=1 type=0 insize=19255 outsize=318 kw= ok=1
Cmd: compileSnippet
  api=1 type=1 insize=19255 outsize=7825 kw= ok=1
Cmd: compileSnippet
  api=1 type=0 insize=19265 outsize=595 kw= ok=1
Cmd: compileSnippet
  api=1 type=1 insize=19265 outsize=1442 kw= ok=1
Cmd: compileSnippet
  api=1 type=0 insize=19243 outsize=318 kw= ok=1
Cmd: compileSnippet
  api=1 type=1 insize=19243 outsize=124 kw= ok=1
Cmd: compileSnippet
  api=1 type=0 insize=19245 outsize=413 kw= ok=1
Cmd: compileSnippet
  api=1 type=1 insize=19245 outsize=750 kw= ok=1
Cmd: compileSnippet
  api=1 type=0 insize=19262 outsize=318 kw= ok=1
Cmd: compileSnippet
  api=1 type=1 insize=19262 outsize=66 kw= ok=1
Cmd: preprocess
  insize=4266 outsize=584 ok=1
Cmd: compileSnippet
  api=1 type=0 insize=3753 outsize=443 kw= ok=1
Cmd: compileSnippet
  api=1 type=1 insize=3753 outsize=952 kw= ok=1
Cmd: compileSnippet
  api=1 type=0 insize=3766 outsize=443 kw= ok=1
Cmd: compileSnippet
  api=1 type=1 insize=3766 outsize=420 kw= ok=1
Cmd: compileSnippet
  api=1 type=0 insize=3757 outsize=443 kw= ok=1
Cmd: compileSnippet
  api=1 type=1 insize=3757 outsize=684 kw= ok=1
Cmd: preprocess
  insize=9316 outsize=5754 ok=1
Cmd: compileSnippet
  api=1 type=0 insize=3731 outsize=536 kw=WATER_REFRACTIVE ok=1
Cmd: compileSnippet
  api=1 type=1 insize=3731 outsize=541 kw=WATER_REFRACTIVE ok=1
Cmd: preprocess
  insize=2379 outsize=1258 ok=1
Cmd: compileSnippet
  api=1 type=0 insize=1310 outsize=542 kw= ok=1
Cmd: compileSnippet
  api=1 type=1 insize=1310 outsize=339 kw= ok=1
Cmd: compileSnippet
  api=1 type=0 insize=1011 outsize=542 kw= ok=1
Cmd: preprocess
  insize=1823 outsize=317 ok=1
Cmd: compileSnippet
  api=1 type=0 insize=1742 outsize=339 kw= ok=1
Cmd: compileSnippet
  api=1 type=1 insize=1742 outsize=980 kw= ok=1
Cmd: preprocess
  insize=1088 outsize=373 ok=1
Cmd: compileSnippet
  api=1 type=0 insize=977 outsize=132 kw= ok=1
Cmd: compileSnippet
  api=1 type=1 insize=977 outsize=285 kw= ok=1
Cmd: preprocess
  insize=1199 outsize=486 ok=1
Cmd: compileSnippet
  api=1 type=0 insize=940 outsize=156 kw= ok=1
Cmd: compileSnippet
  api=1 type=1 insize=940 outsize=146 kw= ok=1
Cmd: compileSnippet
  api=1 type=0 insize=946 outsize=156 kw= ok=1
Cmd: compileSnippet
  api=1 type=1 insize=946 outsize=255 kw= ok=1
Cmd: preprocess
  insize=777 outsize=284 ok=1
Cmd: compileSnippet
  api=1 type=0 insize=771 outsize=211 kw= ok=1
Cmd: compileSnippet
  api=1 type=1 insize=771 outsize=197 kw= ok=1
Cmd: preprocess
  insize=6084 outsize=913 ok=1
Cmd: compileSnippet
  api=1 type=0 insize=4926 outsize=379 kw= ok=1
Cmd: compileSnippet
  api=1 type=1 insize=4926 outsize=672 kw= ok=1
Cmd: compileSnippet
  api=1 type=0 insize=4929 outsize=379 kw= ok=1
Cmd: compileSnippet
  api=1 type=1 insize=4929 outsize=379 kw= ok=1
Cmd: compileSnippet
  api=1 type=0 insize=4933 outsize=379 kw= ok=1
Cmd: compileSnippet
  api=1 type=1 insize=4933 outsize=421 kw= ok=1
Cmd: compileSnippet
  api=1 type=0 insize=4942 outsize=132 kw= ok=1
Cmd: compileSnippet
  api=1 type=1 insize=4942 outsize=181 kw= ok=1
Cmd: compileSnippet
  api=1 type=0 insize=4923 outsize=379 kw= ok=1
Cmd: compileSnippet
  api=1 type=1 insize=4923 outsize=672 kw= ok=1
Cmd: preprocess
  insize=5846 outsize=800 ok=1
Cmd: compileSnippet
  api=1 type=0 insize=4669 outsize=132 kw= ok=1
Cmd: compileSnippet
  api=1 type=1 insize=4669 outsize=194 kw= ok=1
Cmd: compileSnippet
  api=1 type=0 insize=4674 outsize=364 kw= ok=1
Cmd: compileSnippet
  api=1 type=1 insize=4674 outsize=329 kw= ok=1
Cmd: compileSnippet
  api=1 type=0 insize=4684 outsize=363 kw= ok=1
Cmd: compileSnippet
  api=1 type=1 insize=4684 outsize=588 kw= ok=1
Cmd: compileSnippet
  api=1 type=0 insize=4679 outsize=363 kw= ok=1
Cmd: compileSnippet
  api=1 type=1 insize=4679 outsize=464 kw= ok=1
Cmd: compileSnippet
  api=1 type=0 insize=4685 outsize=452 kw= ok=1
Cmd: compileSnippet
  api=1 type=1 insize=4685 outsize=765 kw= ok=1
Cmd: preprocess
  insize=1331 outsize=489 ok=1
Cmd: compileSnippet
  api=1 type=0 insize=1118 outsize=211 kw= ok=1
Cmd: compileSnippet
  api=1 type=1 insize=1118 outsize=502 kw= ok=1
Cmd: preprocess
  insize=622 outsize=382 ok=1
Cmd: compileSnippet
  api=1 type=0 insize=528 outsize=211 kw= ok=1
Cmd: compileSnippet
  api=1 type=1 insize=528 outsize=220 kw= ok=1
Cmd: preprocess
  insize=33474 outsize=288 ok=1
Cmd: compileSnippet
  api=1 type=0 insize=32675 outsize=156 kw= ok=1
Cmd: compileSnippet
  api=1 type=1 insize=32675 outsize=4414 kw= ok=1
Cmd: preprocess
  insize=1812 outsize=1056 ok=1
Cmd: compileSnippet
  api=1 type=0 insize=1020 outsize=171 kw= ok=1
Cmd: compileSnippet
  api=1 type=1 insize=1020 outsize=141 kw= ok=1
Cmd: preprocess
  insize=5321 outsize=1789 ok=1
Cmd: compileSnippet
  api=1 type=0 insize=3712 outsize=450 kw= ok=1
Cmd: compileSnippet
  api=1 type=1 insize=3712 outsize=2057 kw= ok=1
Cmd: preprocess
  insize=9783 outsize=5282 ok=1
Cmd: compileSnippet
  api=1 type=0 insize=3994 outsize=197 kw= ok=1
Cmd: compileSnippet
  api=1 type=1 insize=3994 outsize=1014 kw= ok=1
Cmd: compileSnippet
  api=1 type=0 insize=6299 outsize=1139 kw=DIRECTIONAL SHADOWS_OFF LIGHTMAP_OFF DIRLIGHTMAP_OFF ok=1
Cmd: compileSnippet
  api=1 type=1 insize=6299 outsize=1619 kw=DIRECTIONAL SHADOWS_OFF LIGHTMAP_OFF DIRLIGHTMAP_OFF ok=1
Cmd: compileSnippet
  api=1 type=0 insize=3953 outsize=927 kw=POINT ok=1
Cmd: compileSnippet
  api=1 type=1 insize=3953 outsize=1626 kw=POINT ok=1
Cmd: compileSnippet
  api=1 type=0 insize=3763 outsize=649 kw= ok=1
Cmd: compileSnippet
  api=1 type=1 insize=3763 outsize=1151 kw= ok=1
Cmd: compileSnippet
  api=1 type=0 insize=5768 outsize=802 kw=LIGHTMAP_OFF DIRLIGHTMAP_OFF HDR_LIGHT_PREPASS_OFF ok=1
Cmd: compileSnippet
  api=1 type=1 insize=5768 outsize=1091 kw=LIGHTMAP_OFF DIRLIGHTMAP_OFF HDR_LIGHT_PREPASS_OFF ok=1
Cmd: preprocess
  insize=6991 outsize=271 ok=1
Cmd: compileSnippet
  api=1 type=0 insize=6848 outsize=310 kw= ok=1
Cmd: compileSnippet
  api=1 type=1 insize=6848 outsize=1855 kw= ok=1
Cmd: preprocess
  insize=12046 outsize=5042 ok=1
Cmd: compileSnippet
  api=1 type=0 insize=3061 outsize=436 kw= ok=1
Cmd: compileSnippet
  api=1 type=1 insize=3061 outsize=1177 kw= ok=1
Cmd: compileSnippet
  api=1 type=0 insize=4314 outsize=197 kw= ok=1
Cmd: compileSnippet
  api=1 type=1 insize=4314 outsize=1174 kw= ok=1
Cmd: preprocess
  insize=4684 outsize=585 ok=1
Cmd: compileSnippet
  api=1 type=0 insize=4181 outsize=458 kw= ok=1
Cmd: compileSnippet
  api=1 type=1 insize=4181 outsize=1043 kw= ok=1
Cmd: compileSnippet
  api=1 type=0 insize=4186 outsize=458 kw= ok=1
Cmd: compileSnippet
  api=1 type=1 insize=4186 outsize=813 kw= ok=1
Cmd: preprocess
  insize=6015 outsize=4119 ok=1
Cmd: compileSnippet
  api=1 type=0 insize=2151 outsize=398 kw= ok=1
Cmd: compileSnippet
  api=1 type=1 insize=2151 outsize=283 kw= ok=1
Cmd: preprocess
  insize=1564 outsize=1001 ok=1
Cmd: compileSnippet
  api=1 type=0 insize=567 outsize=100 kw= ok=1
Cmd: compileSnippet
  api=1 type=1 insize=567 outsize=111 kw= ok=1
Cmd: preprocess
  insize=5159 outsize=1148 ok=1
Cmd: compileSnippet
  api=1 type=0 insize=3816 outsize=335 kw= ok=1
Cmd: compileSnippet
  api=1 type=1 insize=3816 outsize=204 kw= ok=1
Cmd: compileSnippet
  api=1 type=0 insize=3824 outsize=170 kw= ok=1
Cmd: compileSnippet
  api=1 type=1 insize=3824 outsize=393 kw= ok=1
Cmd: compileSnippet
  api=1 type=0 insize=3822 outsize=335 kw= ok=1
Cmd: compileSnippet
  api=1 type=1 insize=3822 outsize=485 kw= ok=1
Cmd: compileSnippet
  api=1 type=0 insize=3824 outsize=335 kw= ok=1
Cmd: compileSnippet
  api=1 type=1 insize=3824 outsize=533 kw= ok=1
Cmd: compileSnippet
  api=1 type=0 insize=3814 outsize=335 kw= ok=1
Cmd: compileSnippet
  api=1 type=1 insize=3814 outsize=136 kw= ok=1
Cmd: preprocess
  insize=58137 outsize=58137 ok=1
Cmd: preprocess
  insize=6008 outsize=1334 ok=1
Cmd: preprocess
  insize=833 outsize=323 ok=1
Cmd: compileSnippet
  api=1 type=0 insize=776 outsize=132 kw= ok=1
Cmd: compileSnippet
  api=1 type=1 insize=776 outsize=75 kw= ok=1
Cmd: preprocess
  insize=758 outsize=335 ok=1
Cmd: compileSnippet
  api=1 type=0 insize=706 outsize=211 kw= ok=1
Cmd: compileSnippet
  api=1 type=1 insize=706 outsize=215 kw= ok=1
Cmd: preprocess
  insize=3655 outsize=3655 ok=1
Cmd: preprocess
  insize=4076 outsize=685 ok=1
Cmd: compileSnippet
  api=1 type=0 insize=3311 outsize=132 kw= ok=1
Cmd: compileSnippet
  api=1 type=1 insize=3311 outsize=232 kw= ok=1
Cmd: compileSnippet
  api=1 type=0 insize=3319 outsize=364 kw= ok=1
Cmd: compileSnippet
  api=1 type=1 insize=3319 outsize=329 kw= ok=1
Cmd: compileSnippet
  api=1 type=0 insize=3328 outsize=462 kw= ok=1
Cmd: compileSnippet
  api=1 type=1 insize=3328 outsize=467 kw= ok=1
Cmd: compileSnippet
  api=1 type=0 insize=3323 outsize=462 kw= ok=1
Cmd: compileSnippet
  api=1 type=1 insize=3323 outsize=464 kw= ok=1
Cmd: preprocess
  insize=926 outsize=319 ok=1
Cmd: compileSnippet
  api=1 type=0 insize=877 outsize=132 kw= ok=1
Cmd: compileSnippet
  api=1 type=1 insize=877 outsize=212 kw= ok=1
Cmd: preprocess
  insize=704 outsize=704 ok=1
Cmd: preprocess
  insize=1406 outsize=316 ok=1
Cmd: compileSnippet
  api=1 type=0 insize=1347 outsize=379 kw= ok=1
Cmd: compileSnippet
  api=1 type=1 insize=1347 outsize=582 kw= ok=1
Cmd: preprocess
  insize=2266 outsize=1040 ok=1
Cmd: compileSnippet
  api=1 type=0 insize=905 outsize=145 kw= ok=1
Cmd: compileSnippet
  api=1 type=1 insize=905 outsize=77 kw= ok=1
Cmd: compileSnippet
  api=1 type=0 insize=860 outsize=145 kw= ok=1
Cmd: compileSnippet
  api=1 type=1 insize=860 outsize=59 kw= ok=1
Cmd: preprocess
  insize=61224 outsize=61224 ok=1
Cmd: preprocess
  insize=20137 outsize=4980 ok=1
Cmd: compileSnippet
  api=1 type=0 insize=15060 outsize=6492 kw= ok=1
Cmd: compileSnippet
  api=1 type=1 insize=15060 outsize=3286 kw= ok=1
Cmd: preprocess
  insize=6214 outsize=837 ok=1
Cmd: preprocess
  insize=1136 outsize=512 ok=1
Cmd: compileSnippet
  api=1 type=0 insize=893 outsize=237 kw= ok=1
Cmd: compileSnippet
  api=1 type=1 insize=893 outsize=136 kw= ok=1
Cmd: preprocess
  insize=1285 outsize=411 ok=1
Cmd: compileSnippet
  api=1 type=0 insize=1129 outsize=170 kw= ok=1
Cmd: compileSnippet
  api=1 type=1 insize=1129 outsize=393 kw= ok=1
Cmd: preprocess
  insize=616 outsize=277 ok=1
Cmd: compileSnippet
  api=1 type=0 insize=617 outsize=100 kw= ok=1
Cmd: compileSnippet
  api=1 type=1 insize=617 outsize=66 kw= ok=1
Cmd: preprocess
  insize=773 outsize=337 ok=1
Cmd: compileSnippet
  api=1 type=0 insize=714 outsize=132 kw= ok=1
Cmd: compileSnippet
  api=1 type=1 insize=714 outsize=76 kw= ok=1
Cmd: preprocess
  insize=3633 outsize=4368 ok=1
Cmd: preprocess
  insize=1801 outsize=713 ok=1
Cmd: compileSnippet
  api=1 type=0 insize=1346 outsize=445 kw= ok=1
Cmd: compileSnippet
  api=1 type=1 insize=1346 outsize=284 kw= ok=1
Cmd: compileSnippet
  api=1 type=0 insize=3207 outsize=752 kw=DIRECTIONAL ok=1
Cmd: compileSnippet
  api=1 type=1 insize=3207 outsize=238 kw=DIRECTIONAL ok=1
